<?xml version="1.0" encoding="UTF-8"?>
<testsuite name="org.example.CalculatorTest" tests="9" skipped="0" failures="0" errors="0" timestamp="2023-04-17T15:09:58" hostname="DESKTOP-VMPA2M7" time="0.034">
  <properties/>
  <testcase name="Step1()" classname="org.example.CalculatorTest" time="0.015"/>
  <testcase name="Step2()" classname="org.example.CalculatorTest" time="0.002"/>
  <testcase name="Step3()" classname="org.example.CalculatorTest" time="0.001"/>
  <testcase name="Step4()" classname="org.example.CalculatorTest" time="0.001"/>
  <testcase name="Step5()" classname="org.example.CalculatorTest" time="0.006"/>
  <testcase name="Step6()" classname="org.example.CalculatorTest" time="0.0"/>
  <testcase name="Step7()" classname="org.example.CalculatorTest" time="0.001"/>
  <testcase name="Step8()" classname="org.example.CalculatorTest" time="0.001"/>
  <testcase name="Step9()" classname="org.example.CalculatorTest" time="0.001"/>
  <system-out><![CDATA[]]></system-out>
  <system-err><![CDATA[]]></system-err>
</testsuite>
